<?xml version="1.0" encoding="UTF-8"?>
<!-- Generated by org.testng.reporters.JUnitXMLReporter -->
<testsuite hostname="Riyaans-MacBook-Air.local" ignored="0" name="Default test" tests="3" failures="0" timestamp="2022-03-23T23:08:17 IST" time="0.097" errors="0">
  <testcase name="@BeforeSuite setup" time="-1.648057092647E9" classname="com.qa.BaseTest">
    <failure type="org.testng.TestNGException" message="
Parameter &amp;apos;platformName&amp;apos; is required by BeforeSuite on method setup but has not been marked @Optional or defined
in /private/var/folders/1_/xtqt7jkd0pv1h9drtc5j6h6r0000gn/T/testng-eclipse--1837070472/testng-customsuite.xml">
      <![CDATA[org.testng.TestNGException: 
Parameter 'platformName' is required by BeforeSuite on method setup but has not been marked @Optional or defined
in /private/var/folders/1_/xtqt7jkd0pv1h9drtc5j6h6r0000gn/T/testng-eclipse--1837070472/testng-customsuite.xml
at org.testng.internal.Parameters.createParams(Parameters.java:270)
at org.testng.internal.Parameters.createParametersForMethod(Parameters.java:358)
at org.testng.internal.Parameters.createParameters(Parameters.java:700)
at org.testng.internal.Parameters.createConfigurationParameters(Parameters.java:168)
at org.testng.internal.ConfigInvoker.invokeConfigurations(ConfigInvoker.java:302)
at org.testng.SuiteRunner.privateRun(SuiteRunner.java:317)
at org.testng.SuiteRunner.run(SuiteRunner.java:276)
at org.testng.SuiteRunnerWorker.runSuite(SuiteRunnerWorker.java:53)
at org.testng.SuiteRunnerWorker.run(SuiteRunnerWorker.java:96)
at org.testng.TestNG.runSuitesSequentially(TestNG.java:1212)
at org.testng.TestNG.runSuitesLocally(TestNG.java:1134)
at org.testng.TestNG.runSuites(TestNG.java:1063)
at org.testng.TestNG.run(TestNG.java:1031)
at org.testng.remote.AbstractRemoteTestNG.run(AbstractRemoteTestNG.java:115)
at org.testng.remote.RemoteTestNG.initAndRun(RemoteTestNG.java:251)
at org.testng.remote.RemoteTestNG.main(RemoteTestNG.java:77)
]]>
    </failure>
  </testcase> <!-- @BeforeSuite setup -->
  <testcase name="@BeforeClass beforeClass" time="-1.64805709271E9" classname="com.qa.tests.LoginTests">
    <skipped/>
  </testcase> <!-- @BeforeClass beforeClass -->
  <testcase name="@BeforeMethod beforeMethod" time="-1.64805709272E9" classname="com.qa.tests.LoginTests">
    <skipped/>
  </testcase> <!-- @BeforeMethod beforeMethod -->
  <testcase name="@AfterMethod afterMethod" time="-1.64805709273E9" classname="com.qa.tests.LoginTests">
    <skipped/>
  </testcase> <!-- @AfterMethod afterMethod -->
  <testcase name="@BeforeMethod beforeMethod" time="-1.648057092733E9" classname="com.qa.tests.LoginTests">
    <skipped/>
  </testcase> <!-- @BeforeMethod beforeMethod -->
  <testcase name="@AfterMethod afterMethod" time="-1.648057092739E9" classname="com.qa.tests.LoginTests">
    <skipped/>
  </testcase> <!-- @AfterMethod afterMethod -->
  <testcase name="@BeforeMethod beforeMethod" time="-1.648057092742E9" classname="com.qa.tests.LoginTests">
    <skipped/>
  </testcase> <!-- @BeforeMethod beforeMethod -->
  <testcase name="@AfterMethod afterMethod" time="-1.64805709275E9" classname="com.qa.tests.LoginTests">
    <skipped/>
  </testcase> <!-- @AfterMethod afterMethod -->
  <testcase name="@AfterClass afterClass" time="-1.648057092757E9" classname="com.qa.tests.LoginTests">
    <skipped/>
  </testcase> <!-- @AfterClass afterClass -->
  <testcase name="invalidPassword" time="0.0" classname="com.qa.tests.LoginTests">
    <skipped/>
  </testcase> <!-- invalidPassword -->
  <testcase name="invalidUserName" time="0.0" classname="com.qa.tests.LoginTests">
    <skipped/>
  </testcase> <!-- invalidUserName -->
  <testcase name="successfulLogin" time="0.0" classname="com.qa.tests.LoginTests">
    <skipped/>
  </testcase> <!-- successfulLogin -->
</testsuite> <!-- Default test -->
