<?xml version="1.0" encoding="UTF-8"?>
<!-- Generated by org.testng.reporters.JUnitXMLReporter -->
<testsuite hostname="Riyaans-MacBook-Air.local" ignored="0" name="Pixel_2" tests="3" failures="0" timestamp="2021-12-10T09:51:48 IST" time="12.979" errors="0">
  <testcase name="invalidPassword" time="4.653" classname="com.qa.tests.LoginTests"/>
  <testcase name="invalidUserName" time="3.49" classname="com.qa.tests.LoginTests"/>
  <testcase name="successfulLogin" time="3.649" classname="com.qa.tests.LoginTests"/>
</testsuite> <!-- Pixel_2 -->
