<?xml version="1.0" encoding="UTF-8"?>
<!-- Generated by org.testng.reporters.JUnitXMLReporter -->
<testsuite hostname="Riyaans-MacBook-Air.local" ignored="0" name="Pixel_2" tests="3" failures="0" timestamp="2022-03-23T23:09:32 IST" time="16.686" errors="0">
  <testcase name="invalidPassword" time="5.868" classname="com.qa.tests.LoginTests"/>
  <testcase name="invalidUserName" time="3.891" classname="com.qa.tests.LoginTests"/>
  <testcase name="successfulLogin" time="4.302" classname="com.qa.tests.LoginTests"/>
</testsuite> <!-- Pixel_2 -->
